[10Jan2025 00:00:49.914] [Server thread/INFO] [net.minecraft.server.dedicated.DedicatedServer/]: <elikernomamahuev> porque lo dices?
[10Jan2025 00:01:31.712] [Server thread/INFO] [net.minecraft.server.dedicated.DedicatedServer/]: <elikernomamahuev> yo tengo cosas que hacer w
[10Jan2025 00:02:11.612] [Server thread/INFO] [net.minecraft.server.dedicated.DedicatedServer/]: <elikernomamahuev> yo nomas vengo a farm exp
[10Jan2025 00:04:26.624] [Server thread/INFO] [net.minecraft.server.dedicated.DedicatedServer/]: <elikernomamahuev> que quieres w
[10Jan2025 00:07:19.445] [Server thread/INFO] [net.minecraft.server.dedicated.DedicatedServer/]: <elikernomamahuev> ando asi por el lagaso que me esta dando w
[10Jan2025 00:07:35.985] [Server thread/INFO] [net.minecraft.server.dedicated.DedicatedServer/]: <elikernomamahuev> pta 17 fps
[10Jan2025 00:07:45.605] [Server thread/INFO] [net.minecraft.server.dedicated.DedicatedServer/]: You whisper to Eduardo171: puto el q lo lea
[10Jan2025 00:07:45.612] [Server thread/INFO] [net.minecraft.server.dedicated.DedicatedServer/]: You whisper to elikernomamahuev: puto el q lo lea
[10Jan2025 00:16:28.001] [Server thread/INFO] [net.minecraft.server.dedicated.DedicatedServer/]: <elikernomamahuev> xd
[10Jan2025 00:18:16.181] [Server thread/INFO] [net.minecraft.server.dedicated.DedicatedServer/]: <elikernomamahuev> ya me fui
[10Jan2025 00:18:16.781] [Server thread/INFO] [net.minecraft.server.dedicated.DedicatedServer/]: <elikernomamahuev> xd
[10Jan2025 00:18:23.516] [Server thread/INFO] [net.minecraft.server.dedicated.DedicatedServer/]: <elikernomamahuev> explorando
[10Jan2025 00:18:40.355] [Server thread/INFO] [net.minecraft.server.dedicated.DedicatedServer/]: <elikernomamahuev> no pue ya llegando la veo
[10Jan2025 00:27:37.344] [Server thread/WARN] [net.minecraft.server.MinecraftServer/]: Can't keep up! Is the server overloaded? Running 2028ms or 40 ticks behind
[10Jan2025 00:27:56.499] [Server thread/WARN] [net.minecraft.server.MinecraftServer/]: Can't keep up! Is the server overloaded? Running 4183ms or 83 ticks behind
[10Jan2025 00:29:58.034] [Server thread/INFO] [net.minecraft.server.dedicated.DedicatedServer/]: <elikernomamahuev> q
[10Jan2025 00:30:15.431] [Server thread/INFO] [net.minecraft.server.dedicated.DedicatedServer/]: <elikernomamahuev> ando en la mina w
[10Jan2025 00:30:17.010] [Server thread/INFO] [net.minecraft.server.dedicated.DedicatedServer/]: <elikernomamahuev> pero
[10Jan2025 00:30:22.511] [Server thread/INFO] [net.minecraft.server.dedicated.DedicatedServer/]: <elikernomamahuev> cuando regrese y veo
[10Jan2025 00:30:25.180] [Server thread/INFO] [net.minecraft.server.dedicated.DedicatedServer/]: <elikernomamahuev> ya veo
[10Jan2025 00:51:48.987] [Server thread/INFO] [net.minecraft.server.dedicated.DedicatedServer/]: <elikernomamahuev> fua, un spawner
[10Jan2025 00:55:50.846] [Server thread/INFO] [net.minecraft.server.dedicated.DedicatedServer/]: <elikernomamahuev> como mierda se arregla la electric katana xd?
[10Jan2025 00:55:57.281] [Server thread/INFO] [net.minecraft.server.dedicated.DedicatedServer/]: <elikernomamahuev> se repara
[10Jan2025 00:56:05.953] [Server thread/INFO] [net.minecraft.server.dedicated.DedicatedServer/]: <Eduardo171> sabe
[10Jan2025 01:01:31.048] [Server thread/INFO] [net.minecraft.server.dedicated.DedicatedServer/]: <Eduardo171> Un spawner de esqueletos
[10Jan2025 01:01:36.549] [Server thread/INFO] [net.minecraft.server.dedicated.DedicatedServer/]: <Eduardo171> YIPPEEEEE
[10Jan2025 01:01:50.633] [Server thread/INFO] [net.minecraft.server.dedicated.DedicatedServer/]: elikernomamahuev has made the advancement [Surfer Rosa]
[10Jan2025 01:02:06.349] [Server thread/INFO] [net.minecraft.server.dedicated.DedicatedServer/]: <elikernomamahuev> ahora le voy a hacer mi cum jar
[10Jan2025 01:13:07.311] [Server thread/INFO] [net.minecraft.server.dedicated.DedicatedServer/]: <elikernomamahuev> ya voy de regreso a casa
[10Jan2025 01:13:15.229] [Server thread/INFO] [net.minecraft.server.dedicated.DedicatedServer/]: <Eduardo171> yo tambien
[10Jan2025 01:13:31.180] [Server thread/INFO] [net.minecraft.server.dedicated.DedicatedServer/]: <Eduardo171> no mames
[10Jan2025 01:13:46.280] [Server thread/INFO] [net.minecraft.server.dedicated.DedicatedServer/]: <Eduardo171> se me olvido guardar las coordenadas del spawner de esqueltos
[10Jan2025 01:16:37.880] [Server thread/INFO] [net.minecraft.server.dedicated.DedicatedServer/]: <Eduardo171> Iker
[10Jan2025 01:16:41.803] [Server thread/INFO] [net.minecraft.server.dedicated.DedicatedServer/]: <Eduardo171> quieres diamantes?
[10Jan2025 01:16:57.161] [Server thread/INFO] [net.minecraft.server.dedicated.DedicatedServer/]: <elikernomamahuev> q
[10Jan2025 01:17:08.329] [Server thread/INFO] [net.minecraft.server.dedicated.DedicatedServer/]: <elikernomamahuev> no w, asi estoy bien
[10Jan2025 01:17:16.830] [Server thread/INFO] [net.minecraft.server.dedicated.DedicatedServer/]: <Eduardo171> ta bueno
[10Jan2025 01:21:03.814] [Server thread/INFO] [net.minecraft.server.dedicated.DedicatedServer/]: <elikernomamahuev> ya vengo
[10Jan2025 01:21:07.480] [Server thread/INFO] [net.minecraft.server.dedicated.DedicatedServer/]: <elikernomamahuev> voy a jugar otra cosa
[10Jan2025 01:21:09.029] [Server thread/INFO] [net.minecraft.server.dedicated.DedicatedServer/]: <elikernomamahuev> xd
[10Jan2025 01:21:13.830] [Server thread/INFO] [net.minecraft.network.play.ServerPlayNetHandler/]: elikernomamahuev lost connection: Disconnected
[10Jan2025 01:21:13.830] [Server thread/INFO] [net.minecraft.server.dedicated.DedicatedServer/]: elikernomamahuev left the game
[10Jan2025 01:25:55.251] [Server thread/INFO] [net.minecraftforge.common.AdvancementLoadFix/]: Using new advancement loading for net.minecraft.advancements.PlayerAdvancements@eed3fd8
[10Jan2025 01:25:55.283] [Server thread/INFO] [net.minecraft.server.management.PlayerList/]: rexsel[/127.55.205.9:49495] logged in with entity id 40099 at (891.5265428055961, 65.0, -728.8369769357699)
[10Jan2025 01:25:55.324] [Server thread/INFO] [net.minecraft.server.dedicated.DedicatedServer/]: rexsel joined the game
[10Jan2025 01:25:55.326] [Server thread/INFO] [tac/]: PENDING
[10Jan2025 01:26:34.351] [Server thread/INFO] [net.minecraft.server.dedicated.DedicatedServer/]: [rexsel: Teleported rexsel to Eduardo171]
[10Jan2025 01:28:25.181] [Server thread/INFO] [net.minecraft.server.dedicated.DedicatedServer/]: [rexsel: Set own game mode to Survival Mode]
[10Jan2025 01:28:39.634] [Server thread/INFO] [net.minecraft.server.dedicated.DedicatedServer/]: <Eduardo171> ya vuelvo
[10Jan2025 01:28:40.241] [Server thread/INFO] [net.minecraft.server.dedicated.DedicatedServer/]: [rexsel: Removed every effect from 2 targets]
[10Jan2025 01:28:43.423] [Server thread/INFO] [net.minecraft.network.play.ServerPlayNetHandler/]: Eduardo171 lost connection: Disconnected
[10Jan2025 01:28:43.424] [Server thread/INFO] [net.minecraft.server.dedicated.DedicatedServer/]: Eduardo171 left the game
[10Jan2025 01:28:53.822] [Server thread/INFO] [net.minecraft.network.play.ServerPlayNetHandler/]: rexsel lost connection: Disconnected
[10Jan2025 01:28:53.823] [Server thread/INFO] [net.minecraft.server.dedicated.DedicatedServer/]: rexsel left the game
